<?xml version="1.0" encoding="UTF-8"?>
<!-- Generated by org.testng.reporters.JUnitReportReporter -->
<testsuite hostname="Avi" failures="0" tests="1" name="WebPageTestCases.LoginTest" time="38.450" errors="0" timestamp="17 Nov 2018 10:02:26 GMT" skipped="0">
  <testcase classname="WebPageTestCases.LoginTest" name="Logintest" time="38.450"/>
</testsuite> <!-- WebPageTestCases.LoginTest -->
