<?xml version="1.0" encoding="UTF-8"?>
<!-- Generated by org.testng.reporters.JUnitReportReporter -->
<testsuite hostname="Avi" failures="0" tests="1" name="WebPageTestCases.GoogleTest" time="0.015" errors="0" timestamp="17 Nov 2018 10:01:25 GMT" skipped="0">
  <testcase classname="WebPageTestCases.GoogleTest" name="readTextFile" time="0.015"/>
</testsuite> <!-- WebPageTestCases.GoogleTest -->
